<?xml version="1.0" encoding="UTF-8"?>
<!-- Generated by org.testng.reporters.JUnitReportReporter -->
<testsuite skipped="0" hostname="M4L-FAC-REKHAB" name="POMwithPageFactory.VerifyLogin" tests="1" failures="0" timestamp="11 Oct 2019 04:34:05 GMT" time="17.459" errors="0">
  <testcase name="checklogin" time="17.459" classname="POMwithPageFactory.VerifyLogin"/>
</testsuite> <!-- POMwithPageFactory.VerifyLogin -->
