<?xml version="1.0" encoding="UTF-8"?>
<!-- Generated by org.testng.reporters.JUnitReportReporter -->
<testsuite skipped="0" hostname="M4L-FAC-REKHAB" name="MyseleniumTests.VerifyLogin" tests="1" failures="0" timestamp="04 Oct 2019 07:32:33 GMT" time="46.935" errors="0">
  <testcase name="checklogin" time="46.935" classname="MyseleniumTests.VerifyLogin"/>
</testsuite> <!-- MyseleniumTests.VerifyLogin -->
